<?xml version="1.0" encoding="UTF-8"?>
<testng-results ignored="0" total="1" passed="1" failed="0" skipped="0">
  <reporter-output>
  </reporter-output>
  <suite started-at="2024-07-15T18:42:27 IST" name="Default suite" finished-at="2024-07-15T18:42:34 IST" duration-ms="7089">
    <groups>
    </groups>
    <test started-at="2024-07-15T18:42:27 IST" name="Default test" finished-at="2024-07-15T18:42:34 IST" duration-ms="7089">
      <class name="test1.C1">
        <test-method signature="test()[pri:0, instance:test1.C1@49912c99]" started-at="2024-07-15T18:42:27 IST" name="test" finished-at="2024-07-15T18:42:34 IST" duration-ms="7025" status="PASS">
          <reporter-output>
          </reporter-output>
        </test-method> <!-- test -->
      </class> <!-- test1.C1 -->
    </test> <!-- Default test -->
  </suite> <!-- Default suite -->
</testng-results>
